TN:
SF:src/config/env.ts
FN:35,validateEnvironment
FN:85,(anonymous_2)
FNF:2
FNH:0
FNDA:0,validateEnvironment
FNDA:0,(anonymous_2)
DA:1,0
DA:4,0
DA:5,0
DA:6,0
DA:7,0
DA:35,0
DA:36,0
DA:39,0
DA:48,0
DA:49,0
DA:50,0
DA:55,0
DA:56,0
DA:57,0
DA:58,0
DA:60,0
DA:61,0
DA:66,0
DA:67,0
DA:68,0
DA:72,0
DA:73,0
DA:74,0
DA:78,0
DA:79,0
DA:80,0
DA:83,0
DA:84,0
DA:85,0
DA:86,0
DA:89,0
DA:91,0
DA:106,0
LF:33
LH:0
BRDA:4,0,0,0
BRDA:6,1,0,0
BRDA:49,2,0,0
BRDA:55,3,0,0
BRDA:55,3,1,0
BRDA:56,4,0,0
BRDA:57,5,0,0
BRDA:60,6,0,0
BRDA:60,7,0,0
BRDA:60,7,1,0
BRDA:67,8,0,0
BRDA:67,9,0,0
BRDA:67,9,1,0
BRDA:72,10,0,0
BRDA:72,10,1,0
BRDA:73,11,0,0
BRDA:73,12,0,0
BRDA:73,12,1,0
BRDA:73,12,2,0
BRDA:78,13,0,0
BRDA:78,13,1,0
BRDA:79,14,0,0
BRDA:79,15,0,0
BRDA:79,15,1,0
BRDA:79,15,2,0
BRDA:83,16,0,0
BRDA:93,17,0,0
BRDA:93,17,1,0
BRDA:100,18,0,0
BRDA:100,18,1,0
BRDA:101,19,0,0
BRDA:101,19,1,0
BRF:32
BRH:0
end_of_record
TN:
SF:src/config/logger.ts
FN:25,(anonymous_1)
FN:36,(anonymous_2)
FN:82,(anonymous_3)
FNF:3
FNH:0
FNDA:0,(anonymous_1)
FNDA:0,(anonymous_2)
FNDA:0,(anonymous_3)
DA:1,0
DA:2,0
DA:5,0
DA:14,0
DA:22,0
DA:25,0
DA:26,0
DA:27,0
DA:28,0
DA:32,0
DA:36,0
DA:41,0
DA:71,0
DA:81,0
DA:83,0
DA:87,0
LF:16
LH:0
BRDA:28,0,0,0
BRDA:28,0,1,0
BRF:2
BRH:0
end_of_record
TN:
SF:src/config/sentry.ts
FN:11,initSentry
FN:41,(anonymous_11)
FN:75,getSentryRequestHandler
FN:83,getSentryTracingHandler
FN:91,getSentryErrorHandler
FN:93,(anonymous_15)
FN:106,captureException
FN:115,captureMessage
FNF:8
FNH:0
FNDA:0,initSentry
FNDA:0,(anonymous_11)
FNDA:0,getSentryRequestHandler
FNDA:0,getSentryTracingHandler
FNDA:0,getSentryErrorHandler
FNDA:0,(anonymous_15)
FNDA:0,captureException
FNDA:0,captureMessage
DA:1,0
DA:2,0
DA:4,0
DA:5,0
DA:11,0
DA:12,0
DA:14,0
DA:15,0
DA:16,0
DA:19,0
DA:20,0
DA:43,0
DA:44,0
DA:45,0
DA:49,0
DA:50,0
DA:54,0
DA:55,0
DA:56,0
DA:58,0
DA:61,0
DA:65,0
DA:67,0
DA:75,0
DA:76,0
DA:83,0
DA:84,0
DA:91,0
DA:92,0
DA:95,0
DA:96,0
DA:98,0
DA:106,0
DA:107,0
DA:108,0
DA:115,0
DA:116,0
DA:117,0
LF:38
LH:0
BRDA:14,0,0,0
BRDA:28,1,0,0
BRDA:28,1,1,0
BRDA:31,2,0,0
BRDA:31,2,1,0
BRDA:43,3,0,0
BRDA:49,4,0,0
BRDA:50,5,0,0
BRDA:50,5,1,0
BRDA:54,6,0,0
BRDA:55,7,0,0
BRDA:56,8,0,0
BRDA:95,9,0,0
BRDA:95,10,0,0
BRDA:95,10,1,0
BRDA:95,10,2,0
BRDA:107,11,0,0
BRDA:115,12,0,0
BRDA:116,13,0,0
BRF:19
BRH:0
end_of_record
TN:
SF:src/database/db.ts
FN:28,(anonymous_1)
FN:32,(anonymous_2)
FN:37,(anonymous_3)
FN:53,(anonymous_4)
FN:59,(anonymous_5)
FN:64,(anonymous_6)
FNF:6
FNH:0
FNDA:0,(anonymous_1)
FNDA:0,(anonymous_2)
FNDA:0,(anonymous_3)
FNDA:0,(anonymous_4)
FNDA:0,(anonymous_5)
FNDA:0,(anonymous_6)
DA:1,0
DA:2,0
DA:5,0
DA:13,0
DA:14,0
DA:17,0
DA:28,0
DA:29,0
DA:32,0
DA:33,0
DA:34,0
DA:37,0
DA:38,0
DA:39,0
DA:40,0
DA:43,0
DA:44,0
DA:45,0
DA:47,0
DA:50,0
DA:53,0
DA:54,0
DA:55,0
DA:56,0
DA:59,0
DA:60,0
DA:64,0
DA:65,0
DA:66,0
DA:69,0
DA:72,0
LF:31
LH:0
BRDA:13,0,0,0
BRDA:18,1,0,0
BRDA:18,1,1,0
BRDA:19,2,0,0
BRDA:19,2,1,0
BRDA:20,3,0,0
BRDA:20,3,1,0
BRDA:21,4,0,0
BRDA:21,4,1,0
BRDA:43,5,0,0
BRDA:43,5,1,0
BRDA:45,6,0,0
BRF:12
BRH:0
end_of_record
TN:
SF:src/database/seedTestData.ts
FN:19,(anonymous_1)
FN:20,(anonymous_2)
FN:21,(anonymous_3)
FN:22,(anonymous_4)
FN:23,(anonymous_5)
FN:35,(anonymous_6)
FN:36,(anonymous_7)
FN:37,(anonymous_8)
FN:39,seedUsers
FN:61,seedBankAccounts
FN:81,seedManagingDirectors
FN:101,seedSites
FN:121,seedExpenseRecords
FN:161,seedRecordAttachments
FN:189,seedApprovals
FN:217,seedCheques
FN:252,seedLedgerAccounts
FN:277,seedLedgerEntries
FN:315,seedFundingTransactions
FN:346,seedBankTransfers
FN:378,main
FNF:21
FNH:0
FNDA:0,(anonymous_1)
FNDA:0,(anonymous_2)
FNDA:0,(anonymous_3)
FNDA:0,(anonymous_4)
FNDA:0,(anonymous_5)
FNDA:0,(anonymous_6)
FNDA:0,(anonymous_7)
FNDA:0,(anonymous_8)
FNDA:0,seedUsers
FNDA:0,seedBankAccounts
FNDA:0,seedManagingDirectors
FNDA:0,seedSites
FNDA:0,seedExpenseRecords
FNDA:0,seedRecordAttachments
FNDA:0,seedApprovals
FNDA:0,seedCheques
FNDA:0,seedLedgerAccounts
FNDA:0,seedLedgerEntries
FNDA:0,seedFundingTransactions
FNDA:0,seedBankTransfers
FNDA:0,main
DA:1,0
DA:2,0
DA:3,0
DA:4,0
DA:7,0
DA:10,0
DA:19,0
DA:20,0
DA:21,0
DA:22,0
DA:23,0
DA:26,0
DA:27,0
DA:28,0
DA:29,0
DA:30,0
DA:31,0
DA:32,0
DA:33,0
DA:35,0
DA:36,0
DA:37,0
DA:40,0
DA:41,0
DA:43,0
DA:44,0
DA:45,0
DA:46,0
DA:47,0
DA:49,0
DA:56,0
DA:58,0
DA:62,0
DA:64,0
DA:65,0
DA:66,0
DA:67,0
DA:68,0
DA:70,0
DA:76,0
DA:78,0
DA:82,0
DA:84,0
DA:85,0
DA:86,0
DA:87,0
DA:88,0
DA:90,0
DA:96,0
DA:98,0
DA:102,0
DA:104,0
DA:105,0
DA:106,0
DA:107,0
DA:109,0
DA:116,0
DA:118,0
DA:122,0
DA:124,0
DA:125,0
DA:126,0
DA:127,0
DA:129,0
DA:130,0
DA:131,0
DA:134,0
DA:135,0
DA:136,0
DA:137,0
DA:138,0
DA:139,0
DA:140,0
DA:141,0
DA:142,0
DA:143,0
DA:144,0
DA:145,0
DA:146,0
DA:147,0
DA:148,0
DA:150,0
DA:156,0
DA:158,0
DA:162,0
DA:164,0
DA:165,0
DA:167,0
DA:168,0
DA:169,0
DA:172,0
DA:173,0
DA:174,0
DA:175,0
DA:176,0
DA:178,0
DA:184,0
DA:186,0
DA:190,0
DA:192,0
DA:193,0
DA:195,0
DA:196,0
DA:197,0
DA:200,0
DA:201,0
DA:202,0
DA:203,0
DA:204,0
DA:206,0
DA:212,0
DA:214,0
DA:218,0
DA:220,0
DA:221,0
DA:223,0
DA:224,0
DA:225,0
DA:228,0
DA:230,0
DA:231,0
DA:232,0
DA:233,0
DA:234,0
DA:235,0
DA:236,0
DA:237,0
DA:238,0
DA:239,0
DA:241,0
DA:247,0
DA:249,0
DA:253,0
DA:255,0
DA:256,0
DA:258,0
DA:259,0
DA:260,0
DA:261,0
DA:262,0
DA:263,0
DA:265,0
DA:272,0
DA:274,0
DA:278,0
DA:280,0
DA:281,0
DA:282,0
DA:284,0
DA:285,0
DA:286,0
DA:289,0
DA:290,0
DA:292,0
DA:293,0
DA:296,0
DA:297,0
DA:298,0
DA:299,0
DA:300,0
DA:301,0
DA:303,0
DA:309,0
DA:311,0
DA:312,0
DA:316,0
DA:318,0
DA:319,0
DA:320,0
DA:322,0
DA:323,0
DA:324,0
DA:327,0
DA:328,0
DA:329,0
DA:330,0
DA:331,0
DA:332,0
DA:333,0
DA:335,0
DA:341,0
DA:343,0
DA:347,0
DA:349,0
DA:350,0
DA:352,0
DA:353,0
DA:354,0
DA:357,0
DA:359,0
DA:360,0
DA:361,0
DA:362,0
DA:363,0
DA:364,0
DA:365,0
DA:367,0
DA:373,0
DA:375,0
DA:379,0
DA:380,0
DA:382,0
DA:385,0
DA:386,0
DA:387,0
DA:388,0
DA:389,0
DA:390,0
DA:391,0
DA:392,0
DA:393,0
DA:394,0
DA:395,0
DA:396,0
DA:398,0
DA:399,0
DA:402,0
DA:418,0
DA:419,0
DA:422,0
DA:423,0
DA:425,0
DA:429,0
DA:430,0
DA:433,0
LF:225
LH:0
BRDA:11,0,0,0
BRDA:11,0,1,0
BRDA:12,1,0,0
BRDA:12,1,1,0
BRDA:13,2,0,0
BRDA:13,2,1,0
BRDA:14,3,0,0
BRDA:14,3,1,0
BRDA:15,4,0,0
BRDA:15,4,1,0
BRDA:39,5,0,0
BRDA:56,6,0,0
BRDA:61,7,0,0
BRDA:76,8,0,0
BRDA:81,9,0,0
BRDA:96,10,0,0
BRDA:101,11,0,0
BRDA:116,12,0,0
BRDA:121,13,0,0
BRDA:129,14,0,0
BRDA:129,15,0,0
BRDA:129,15,1,0
BRDA:129,15,2,0
BRDA:137,16,0,0
BRDA:137,16,1,0
BRDA:137,17,0,0
BRDA:137,17,1,0
BRDA:138,18,0,0
BRDA:138,18,1,0
BRDA:138,19,0,0
BRDA:138,19,1,0
BRDA:141,20,0,0
BRDA:141,20,1,0
BRDA:141,21,0,0
BRDA:141,21,1,0
BRDA:156,22,0,0
BRDA:161,23,0,0
BRDA:167,24,0,0
BRDA:167,25,0,0
BRDA:167,25,1,0
BRDA:184,26,0,0
BRDA:189,27,0,0
BRDA:195,28,0,0
BRDA:195,29,0,0
BRDA:195,29,1,0
BRDA:204,30,0,0
BRDA:204,30,1,0
BRDA:212,31,0,0
BRDA:217,32,0,0
BRDA:223,33,0,0
BRDA:223,34,0,0
BRDA:223,34,1,0
BRDA:237,35,0,0
BRDA:237,35,1,0
BRDA:238,36,0,0
BRDA:238,36,1,0
BRDA:247,37,0,0
BRDA:252,38,0,0
BRDA:272,39,0,0
BRDA:277,40,0,0
BRDA:284,41,0,0
BRDA:284,42,0,0
BRDA:284,42,1,0
BRDA:293,43,0,0
BRDA:293,43,1,0
BRDA:296,44,0,0
BRDA:296,44,1,0
BRDA:296,45,0,0
BRDA:296,45,1,0
BRDA:306,46,0,0
BRDA:306,46,1,0
BRDA:306,47,0,0
BRDA:306,47,1,0
BRDA:309,48,0,0
BRDA:315,49,0,0
BRDA:322,50,0,0
BRDA:329,51,0,0
BRDA:329,51,1,0
BRDA:329,52,0,0
BRDA:329,52,1,0
BRDA:330,53,0,0
BRDA:330,53,1,0
BRDA:330,54,0,0
BRDA:330,54,1,0
BRDA:341,55,0,0
BRDA:346,56,0,0
BRDA:352,57,0,0
BRDA:360,58,0,0
BRDA:360,58,1,0
BRDA:364,59,0,0
BRDA:364,59,1,0
BRDA:364,60,0,0
BRDA:364,60,1,0
BRDA:373,61,0,0
BRDA:429,62,0,0
BRF:95
BRH:0
end_of_record
TN:
SF:src/middleware/auth.ts
FN:10,(anonymous_1)
FN:28,(anonymous_2)
FN:29,(anonymous_3)
FNF:3
FNH:0
FNDA:0,(anonymous_1)
FNDA:0,(anonymous_2)
FNDA:0,(anonymous_3)
DA:2,0
DA:4,0
DA:10,0
DA:11,0
DA:12,0
DA:14,0
DA:15,0
DA:18,0
DA:19,0
DA:21,0
DA:22,0
DA:24,0
DA:28,0
DA:29,0
DA:30,0
DA:31,0
DA:34,0
DA:35,0
DA:38,0
LF:19
LH:0
BRDA:14,0,0,0
BRDA:14,1,0,0
BRDA:14,1,1,0
BRDA:30,2,0,0
BRDA:34,3,0,0
BRF:5
BRH:0
end_of_record
TN:
SF:src/middleware/errorHandler.ts
FN:5,(anonymous_1)
FNF:1
FNH:0
FNDA:0,(anonymous_1)
DA:2,0
DA:3,0
DA:5,0
DA:6,0
DA:14,0
DA:15,0
DA:17,0
LF:7
LH:0
BRDA:14,0,0,0
BRDA:14,0,1,0
BRDA:15,1,0,0
BRDA:15,1,1,0
BRDA:19,2,0,0
BRDA:19,2,1,0
BRF:6
BRH:0
end_of_record
TN:
SF:src/middleware/rateLimiter.ts
FN:26,(anonymous_1)
FN:46,(anonymous_2)
FN:65,(anonymous_3)
FN:84,(anonymous_4)
FNF:4
FNH:0
FNDA:0,(anonymous_1)
FNDA:0,(anonymous_2)
FNDA:0,(anonymous_3)
FNDA:0,(anonymous_4)
DA:1,0
DA:20,0
DA:27,0
DA:39,0
DA:47,0
DA:59,0
DA:66,0
DA:78,0
DA:85,0
LF:9
LH:0
BRDA:30,0,0,0
BRDA:30,0,1,0
BRDA:50,1,0,0
BRDA:50,1,1,0
BRDA:69,2,0,0
BRDA:69,2,1,0
BRDA:88,3,0,0
BRDA:88,3,1,0
BRF:8
BRH:0
end_of_record
TN:
SF:src/routes/approval.routes.ts
FN:8,(anonymous_0)
FNF:1
FNH:0
FNDA:0,(anonymous_0)
DA:1,0
DA:2,0
DA:3,0
DA:5,0
DA:8,0
DA:9,0
DA:10,0
DA:12,0
DA:21,0
DA:23,0
DA:24,0
DA:28,0
LF:12
LH:0
BRF:0
BRH:0
end_of_record
TN:
SF:src/routes/auth.routes.ts
FN:17,(anonymous_1)
FN:26,(anonymous_2)
FN:105,(anonymous_3)
FNF:3
FNH:0
FNDA:0,(anonymous_1)
FNDA:0,(anonymous_2)
FNDA:0,(anonymous_3)
DA:1,0
DA:2,0
DA:3,0
DA:4,0
DA:5,0
DA:7,0
DA:8,0
DA:9,0
DA:11,0
DA:14,0
DA:18,0
DA:19,0
DA:20,0
DA:22,0
DA:27,0
DA:28,0
DA:29,0
DA:30,0
DA:33,0
DA:36,0
DA:37,0
DA:42,0
DA:43,0
DA:48,0
DA:53,0
DA:54,0
DA:58,0
DA:61,0
DA:68,0
DA:71,0
DA:77,0
DA:83,0
DA:94,0
DA:95,0
DA:101,0
DA:106,0
DA:107,0
DA:108,0
DA:109,0
DA:112,0
DA:115,0
DA:120,0
DA:121,0
DA:124,0
DA:127,0
DA:128,0
DA:129,0
DA:133,0
DA:139,0
DA:145,0
DA:156,0
DA:157,0
DA:162,0
LF:53
LH:0
BRDA:19,0,0,0
BRDA:29,1,0,0
BRDA:36,2,0,0
BRDA:42,3,0,0
BRDA:53,4,0,0
BRDA:65,5,0,0
BRDA:65,5,1,0
BRDA:108,6,0,0
BRDA:120,7,0,0
BRDA:128,8,0,0
BRF:10
BRH:0
end_of_record
TN:
SF:src/routes/bank.routes.ts
FN:8,(anonymous_0)
FN:24,(anonymous_1)
FN:83,(anonymous_2)
FN:177,(anonymous_3)
FN:345,(anonymous_4)
FN:382,(anonymous_5)
FN:419,(anonymous_6)
FN:463,(anonymous_7)
FN:536,(anonymous_8)
FN:596,(anonymous_9)
FN:682,(anonymous_10)
FNF:11
FNH:0
FNDA:0,(anonymous_0)
FNDA:0,(anonymous_1)
FNDA:0,(anonymous_2)
FNDA:0,(anonymous_3)
FNDA:0,(anonymous_4)
FNDA:0,(anonymous_5)
FNDA:0,(anonymous_6)
FNDA:0,(anonymous_7)
FNDA:0,(anonymous_8)
FNDA:0,(anonymous_9)
FNDA:0,(anonymous_10)
DA:1,0
DA:2,0
DA:3,0
DA:5,0
DA:8,0
DA:9,0
DA:10,0
DA:13,0
DA:15,0
DA:16,0
DA:21,0
DA:25,0
DA:26,0
DA:29,0
DA:31,0
DA:33,0
DA:39,0
DA:42,0
DA:43,0
DA:45,0
DA:51,0
DA:52,0
DA:65,0
DA:67,0
DA:69,0
DA:70,0
DA:73,0
DA:74,0
DA:80,0
DA:84,0
DA:85,0
DA:86,0
DA:88,0
DA:89,0
DA:90,0
DA:92,0
DA:93,0
DA:94,0
DA:96,0
DA:97,0
DA:98,0
DA:100,0
DA:101,0
DA:102,0
DA:104,0
DA:105,0
DA:106,0
DA:108,0
DA:109,0
DA:110,0
DA:112,0
DA:113,0
DA:114,0
DA:117,0
DA:118,0
DA:122,0
DA:124,0
DA:125,0
DA:126,0
DA:131,0
DA:132,0
DA:133,0
DA:136,0
DA:139,0
DA:140,0
DA:141,0
DA:143,0
DA:149,0
DA:151,0
DA:159,0
DA:161,0
DA:163,0
DA:164,0
DA:167,0
DA:168,0
DA:174,0
DA:178,0
DA:179,0
DA:181,0
DA:182,0
DA:185,0
DA:186,0
DA:189,0
DA:190,0
DA:194,0
DA:196,0
DA:198,0
DA:203,0
DA:204,0
DA:207,0
DA:208,0
DA:212,0
DA:217,0
DA:218,0
DA:222,0
DA:228,0
DA:234,0
DA:242,0
DA:243,0
DA:244,0
DA:247,0
DA:248,0
DA:250,0
DA:251,0
DA:254,0
DA:258,0
DA:260,0
DA:264,0
DA:267,0
DA:271,0
DA:273,0
DA:277,0
DA:280,0
DA:296,0
DA:302,0
DA:318,0
DA:323,0
DA:325,0
DA:330,0
DA:331,0
DA:334,0
DA:335,0
DA:343,0
DA:346,0
DA:347,0
DA:349,0
DA:362,0
DA:363,0
DA:364,0
DA:365,0
DA:368,0
DA:370,0
DA:371,0
DA:373,0
DA:374,0
DA:380,0
DA:383,0
DA:384,0
DA:386,0
DA:406,0
DA:408,0
DA:409,0
DA:417,0
DA:420,0
DA:421,0
DA:423,0
DA:435,0
DA:436,0
DA:438,0
DA:439,0
DA:440,0
DA:443,0
DA:444,0
DA:445,0
DA:448,0
DA:450,0
DA:451,0
DA:453,0
DA:454,0
DA:460,0
DA:464,0
DA:472,0
DA:474,0
DA:475,0
DA:478,0
DA:479,0
DA:483,0
DA:485,0
DA:487,0
DA:495,0
DA:498,0
DA:504,0
DA:518,0
DA:520,0
DA:522,0
DA:523,0
DA:526,0
DA:527,0
DA:533,0
DA:537,0
DA:538,0
DA:539,0
DA:541,0
DA:542,0
DA:543,0
DA:545,0
DA:546,0
DA:547,0
DA:549,0
DA:550,0
DA:551,0
DA:553,0
DA:554,0
DA:555,0
DA:557,0
DA:558,0
DA:559,0
DA:561,0
DA:562,0
DA:563,0
DA:565,0
DA:566,0
DA:567,0
DA:570,0
DA:571,0
DA:574,0
DA:575,0
DA:580,0
DA:581,0
DA:584,0
DA:586,0
DA:587,0
DA:593,0
DA:597,0
DA:598,0
DA:599,0
DA:601,0
DA:602,0
DA:606,0
DA:608,0
DA:610,0
DA:615,0
DA:616,0
DA:619,0
DA:621,0
DA:622,0
DA:626,0
DA:632,0
DA:648,0
DA:658,0
DA:660,0
DA:666,0
DA:667,0
DA:670,0
DA:671,0
DA:679,0
DA:683,0
DA:684,0
DA:686,0
DA:694,0
DA:695,0
DA:698,0
DA:703,0
DA:704,0
DA:709,0
LF:245
LH:0
BRDA:36,0,0,0
BRDA:36,0,1,0
BRDA:36,1,0,0
BRDA:36,1,1,0
BRDA:36,2,0,0
BRDA:36,2,1,0
BRDA:51,3,0,0
BRDA:51,4,0,0
BRDA:51,4,1,0
BRDA:92,5,0,0
BRDA:96,6,0,0
BRDA:100,7,0,0
BRDA:102,8,0,0
BRDA:102,8,1,0
BRDA:104,9,0,0
BRDA:108,10,0,0
BRDA:112,11,0,0
BRDA:117,12,0,0
BRDA:131,13,0,0
BRDA:139,14,0,0
BRDA:139,14,1,0
BRDA:139,15,0,0
BRDA:139,15,1,0
BRDA:149,16,0,0
BRDA:181,17,0,0
BRDA:181,18,0,0
BRDA:181,18,1,0
BRDA:181,18,2,0
BRDA:185,19,0,0
BRDA:189,20,0,0
BRDA:203,21,0,0
BRDA:207,22,0,0
BRDA:217,23,0,0
BRDA:239,24,0,0
BRDA:239,24,1,0
BRDA:243,25,0,0
BRDA:243,25,1,0
BRDA:336,26,0,0
BRDA:336,26,1,0
BRDA:363,27,0,0
BRDA:438,28,0,0
BRDA:443,29,0,0
BRDA:474,30,0,0
BRDA:474,31,0,0
BRDA:474,31,1,0
BRDA:474,31,2,0
BRDA:474,31,3,0
BRDA:474,31,4,0
BRDA:478,32,0,0
BRDA:492,33,0,0
BRDA:492,33,1,0
BRDA:545,34,0,0
BRDA:549,35,0,0
BRDA:553,36,0,0
BRDA:557,37,0,0
BRDA:561,38,0,0
BRDA:565,39,0,0
BRDA:570,40,0,0
BRDA:580,41,0,0
BRDA:601,42,0,0
BRDA:615,43,0,0
BRDA:621,44,0,0
BRDA:642,45,0,0
BRDA:642,45,1,0
BRDA:655,46,0,0
BRDA:655,46,1,0
BRDA:672,47,0,0
BRDA:672,47,1,0
BRDA:694,48,0,0
BRF:69
BRH:0
end_of_record
TN:
SF:src/routes/expense.routes.ts
FN:9,(anonymous_0)
FN:74,(anonymous_1)
FN:125,(anonymous_2)
FN:136,(anonymous_3)
FN:266,(anonymous_4)
FN:361,(anonymous_5)
FN:370,(anonymous_6)
FN:436,(anonymous_7)
FN:491,(anonymous_8)
FNF:9
FNH:2
FNDA:0,(anonymous_0)
FNDA:0,(anonymous_1)
FNDA:0,(anonymous_2)
FNDA:0,(anonymous_3)
FNDA:0,(anonymous_4)
FNDA:0,(anonymous_5)
FNDA:0,(anonymous_6)
FNDA:1,(anonymous_7)
FNDA:2,(anonymous_8)
DA:1,1
DA:2,1
DA:3,1
DA:4,1
DA:6,1
DA:9,1
DA:10,0
DA:11,0
DA:12,0
DA:14,0
DA:29,0
DA:30,0
DA:33,0
DA:34,0
DA:35,0
DA:36,0
DA:39,0
DA:40,0
DA:41,0
DA:42,0
DA:45,0
DA:46,0
DA:47,0
DA:48,0
DA:51,0
DA:52,0
DA:53,0
DA:54,0
DA:57,0
DA:58,0
DA:59,0
DA:60,0
DA:63,0
DA:65,0
DA:66,0
DA:68,0
DA:69,0
DA:74,1
DA:75,0
DA:76,0
DA:77,0
DA:79,0
DA:95,0
DA:96,0
DA:97,0
DA:99,0
DA:100,0
DA:103,0
DA:106,0
DA:108,0
DA:109,0
DA:112,0
DA:114,0
DA:115,0
DA:120,1
DA:126,0
DA:127,0
DA:128,0
DA:130,0
DA:137,0
DA:138,0
DA:139,0
DA:140,0
DA:141,0
DA:155,0
DA:158,0
DA:159,0
DA:160,0
DA:162,0
DA:176,0
DA:177,0
DA:185,0
DA:188,0
DA:190,0
DA:192,0
DA:193,0
DA:198,0
DA:199,0
DA:202,0
DA:203,0
DA:204,0
DA:208,0
DA:215,0
DA:236,0
DA:237,0
DA:239,0
DA:240,0
DA:243,0
DA:244,0
DA:250,0
DA:251,0
DA:254,0
DA:263,1
DA:267,0
DA:268,0
DA:269,0
DA:270,0
DA:273,0
DA:274,0
DA:275,0
DA:278,0
DA:283,0
DA:284,0
DA:287,0
DA:290,0
DA:292,0
DA:294,0
DA:297,0
DA:301,0
DA:303,0
DA:305,0
DA:309,0
DA:318,0
DA:319,0
DA:321,0
DA:322,0
DA:323,0
DA:324,0
DA:325,0
DA:326,0
DA:329,0
DA:331,0
DA:334,0
DA:335,0
DA:342,0
DA:343,0
DA:345,0
DA:346,0
DA:349,0
DA:350,0
DA:356,1
DA:362,0
DA:363,0
DA:364,0
DA:366,0
DA:371,0
DA:372,0
DA:373,0
DA:374,0
DA:377,0
DA:389,0
DA:392,0
DA:397,0
DA:398,0
DA:402,0
DA:424,0
DA:426,0
DA:427,0
DA:433,1
DA:437,1
DA:438,1
DA:440,1
DA:442,1
DA:443,1
DA:451,1
DA:452,0
DA:453,0
DA:456,1
DA:457,1
DA:459,1
DA:466,1
DA:470,0
DA:476,1
DA:481,1
DA:482,1
DA:491,2
DA:495,1
DA:497,1
DA:498,0
DA:501,1
DA:503,0
DA:504,0
DA:507,0
DA:508,0
DA:513,1
LF:175
LH:29
BRDA:33,0,0,0
BRDA:33,1,0,0
BRDA:33,1,1,0
BRDA:33,1,2,0
BRDA:39,2,0,0
BRDA:45,3,0,0
BRDA:51,4,0,0
BRDA:57,5,0,0
BRDA:95,6,0,0
BRDA:95,7,0,0
BRDA:95,7,1,0
BRDA:95,7,2,0
BRDA:99,8,0,0
BRDA:108,9,0,0
BRDA:127,10,0,0
BRDA:127,11,0,0
BRDA:127,11,1,0
BRDA:139,12,0,0
BRDA:158,13,0,0
BRDA:158,13,1,0
BRDA:158,14,0,0
BRDA:158,14,1,0
BRDA:159,15,0,0
BRDA:159,15,1,0
BRDA:159,16,0,0
BRDA:159,16,1,0
BRDA:160,17,0,0
BRDA:160,17,1,0
BRDA:160,18,0,0
BRDA:160,18,1,0
BRDA:176,19,0,0
BRDA:176,20,0,0
BRDA:176,20,1,0
BRDA:176,20,2,0
BRDA:192,21,0,0
BRDA:192,22,0,0
BRDA:192,22,1,0
BRDA:192,22,2,0
BRDA:192,22,3,0
BRDA:198,23,0,0
BRDA:203,24,0,0
BRDA:228,25,0,0
BRDA:228,25,1,0
BRDA:229,26,0,0
BRDA:229,26,1,0
BRDA:230,27,0,0
BRDA:230,27,1,0
BRDA:232,28,0,0
BRDA:232,28,1,0
BRDA:250,29,0,0
BRDA:269,30,0,0
BRDA:283,31,0,0
BRDA:290,32,0,0
BRDA:290,32,1,0
BRDA:292,33,0,0
BRDA:292,33,1,0
BRDA:292,34,0,0
BRDA:292,34,1,0
BRDA:294,35,0,0
BRDA:294,35,1,0
BRDA:294,36,0,0
BRDA:294,36,1,0
BRDA:305,37,0,0
BRDA:305,38,0,0
BRDA:305,38,1,0
BRDA:305,38,2,0
BRDA:305,38,3,0
BRDA:305,38,4,0
BRDA:305,38,5,0
BRDA:305,38,6,0
BRDA:305,38,7,0
BRDA:321,39,0,0
BRDA:321,39,1,0
BRDA:321,40,0,0
BRDA:321,40,1,0
BRDA:324,41,0,0
BRDA:324,42,0,0
BRDA:324,42,1,0
BRDA:324,42,2,0
BRDA:334,43,0,0
BRDA:363,44,0,0
BRDA:363,45,0,0
BRDA:363,45,1,0
BRDA:373,46,0,0
BRDA:397,47,0,0
BRDA:414,48,0,0
BRDA:414,48,1,0
BRDA:415,49,0,0
BRDA:415,49,1,0
BRDA:416,50,0,0
BRDA:416,50,1,0
BRDA:417,51,0,0
BRDA:417,51,1,0
BRDA:418,52,0,0
BRDA:418,52,1,0
BRDA:419,53,0,0
BRDA:419,53,1,0
BRDA:451,54,0,0
BRDA:466,55,0,0
BRDA:467,56,0,1
BRDA:467,56,1,0
BRDA:481,57,0,1
BRDA:497,58,0,0
BRF:103
BRH:2
end_of_record
TN:
SF:src/routes/health.routes.ts
FN:27,(anonymous_1)
FN:76,(anonymous_2)
FN:90,(anonymous_3)
FNF:3
FNH:0
FNDA:0,(anonymous_1)
FNDA:0,(anonymous_2)
FNDA:0,(anonymous_3)
DA:1,0
DA:2,0
DA:3,0
DA:4,0
DA:6,0
DA:27,0
DA:28,0
DA:29,0
DA:42,0
DA:44,0
DA:45,0
DA:46,0
DA:48,0
DA:54,0
DA:55,0
DA:56,0
DA:59,0
DA:61,0
DA:62,0
DA:67,0
DA:68,0
DA:76,0
DA:77,0
DA:79,0
DA:80,0
DA:82,0
DA:90,0
DA:91,0
DA:94,0
LF:29
LH:0
BRDA:34,0,0,0
BRDA:34,0,1,0
BRDA:54,1,0,0
BRF:3
BRH:0
end_of_record
TN:
SF:src/routes/ledger.routes.ts
FN:8,(anonymous_0)
FN:38,(anonymous_1)
FN:66,(anonymous_2)
FN:116,(anonymous_3)
FN:138,(anonymous_4)
FN:188,(anonymous_5)
FN:207,(anonymous_6)
FN:251,(anonymous_7)
FNF:8
FNH:0
FNDA:0,(anonymous_0)
FNDA:0,(anonymous_1)
FNDA:0,(anonymous_2)
FNDA:0,(anonymous_3)
FNDA:0,(anonymous_4)
FNDA:0,(anonymous_5)
FNDA:0,(anonymous_6)
FNDA:0,(anonymous_7)
DA:1,0
DA:2,0
DA:3,0
DA:5,0
DA:8,0
DA:9,0
DA:10,0
DA:31,0
DA:33,0
DA:38,0
DA:39,0
DA:40,0
DA:42,0
DA:55,0
DA:56,0
DA:59,0
DA:61,0
DA:66,0
DA:67,0
DA:68,0
DA:69,0
DA:71,0
DA:89,0
DA:90,0
DA:92,0
DA:93,0
DA:94,0
DA:95,0
DA:98,0
DA:99,0
DA:100,0
DA:101,0
DA:104,0
DA:105,0
DA:107,0
DA:109,0
DA:111,0
DA:116,0
DA:117,0
DA:118,0
DA:131,0
DA:133,0
DA:138,0
DA:139,0
DA:140,0
DA:142,0
DA:157,0
DA:158,0
DA:160,0
DA:161,0
DA:162,0
DA:163,0
DA:166,0
DA:167,0
DA:168,0
DA:169,0
DA:172,0
DA:184,0
DA:187,0
DA:189,0
DA:190,0
DA:191,0
DA:196,0
DA:202,0
DA:207,0
DA:208,0
DA:209,0
DA:211,0
DA:222,0
DA:223,0
DA:225,0
DA:226,0
DA:227,0
DA:228,0
DA:231,0
DA:232,0
DA:233,0
DA:234,0
DA:237,0
DA:242,0
DA:244,0
DA:246,0
DA:251,0
DA:252,0
DA:253,0
DA:256,0
DA:261,0
DA:262,0
DA:265,0
DA:268,0
DA:285,0
DA:287,0
DA:294,0
DA:300,0
DA:304,0
LF:95
LH:0
BRDA:55,0,0,0
BRDA:69,1,0,0
BRDA:92,2,0,0
BRDA:98,3,0,0
BRDA:160,4,0,0
BRDA:166,5,0,0
BRDA:225,6,0,0
BRDA:231,7,0,0
BRDA:261,8,0,0
BRDA:285,9,0,0
BRF:10
BRH:0
end_of_record
TN:
SF:src/routes/md.routes.ts
FN:8,(anonymous_0)
FN:21,(anonymous_1)
FN:44,(anonymous_2)
FNF:3
FNH:0
FNDA:0,(anonymous_0)
FNDA:0,(anonymous_1)
FNDA:0,(anonymous_2)
DA:1,0
DA:2,0
DA:3,0
DA:5,0
DA:8,0
DA:9,0
DA:10,0
DA:13,0
DA:15,0
DA:16,0
DA:21,0
DA:22,0
DA:23,0
DA:25,0
DA:26,0
DA:29,0
DA:36,0
DA:38,0
DA:39,0
DA:44,0
DA:45,0
DA:46,0
DA:48,0
DA:53,0
DA:54,0
DA:57,0
DA:59,0
DA:60,0
DA:64,0
LF:29
LH:0
BRDA:25,0,0,0
BRDA:25,1,0,0
BRDA:25,1,1,0
BRDA:33,2,0,0
BRDA:33,2,1,0
BRDA:53,3,0,0
BRF:6
BRH:0
end_of_record
TN:
SF:src/routes/report.routes.ts
FN:8,getDateRange
FN:47,(anonymous_1)
FN:136,(anonymous_2)
FN:174,(anonymous_3)
FN:209,(anonymous_4)
FN:243,(anonymous_5)
FN:263,(anonymous_6)
FNF:7
FNH:0
FNDA:0,getDateRange
FNDA:0,(anonymous_1)
FNDA:0,(anonymous_2)
FNDA:0,(anonymous_3)
FNDA:0,(anonymous_4)
FNDA:0,(anonymous_5)
FNDA:0,(anonymous_6)
DA:1,0
DA:2,0
DA:3,0
DA:5,0
DA:9,0
DA:10,0
DA:11,0
DA:13,0
DA:15,0
DA:16,0
DA:18,0
DA:19,0
DA:20,0
DA:21,0
DA:23,0
DA:24,0
DA:25,0
DA:26,0
DA:27,0
DA:28,0
DA:30,0
DA:31,0
DA:33,0
DA:34,0
DA:35,0
DA:36,0
DA:38,0
DA:39,0
DA:40,0
DA:43,0
DA:47,0
DA:48,0
DA:49,0
DA:50,0
DA:53,0
DA:65,0
DA:78,0
DA:92,0
DA:107,0
DA:120,0
DA:130,0
DA:131,0
DA:136,0
DA:137,0
DA:138,0
DA:139,0
DA:141,0
DA:162,0
DA:168,0
DA:169,0
DA:174,0
DA:175,0
DA:176,0
DA:177,0
DA:179,0
DA:197,0
DA:203,0
DA:204,0
DA:209,0
DA:210,0
DA:211,0
DA:212,0
DA:214,0
DA:231,0
DA:237,0
DA:238,0
DA:243,0
DA:244,0
DA:245,0
DA:246,0
DA:249,0
DA:250,0
DA:251,0
DA:252,0
DA:253,0
DA:255,0
DA:256,0
DA:257,0
DA:259,0
DA:262,0
DA:264,0
DA:274,0
DA:283,0
DA:287,0
DA:288,0
DA:292,0
LF:86
LH:0
BRDA:13,0,0,0
BRDA:13,0,1,0
BRDA:13,0,2,0
BRDA:13,0,3,0
BRDA:13,0,4,0
BRDA:13,0,5,0
BRDA:49,1,0,0
BRDA:138,2,0,0
BRDA:176,3,0,0
BRDA:211,4,0,0
BRF:10
BRH:0
end_of_record
TN:
SF:src/routes/site.routes.ts
FN:9,(anonymous_0)
FN:67,(anonymous_1)
FN:93,(anonymous_2)
FNF:3
FNH:0
FNDA:0,(anonymous_0)
FNDA:0,(anonymous_1)
FNDA:0,(anonymous_2)
DA:1,0
DA:2,0
DA:3,0
DA:4,0
DA:6,0
DA:9,0
DA:10,0
DA:11,0
DA:13,0
DA:42,0
DA:43,0
DA:45,0
DA:46,0
DA:47,0
DA:48,0
DA:51,0
DA:53,0
DA:54,0
DA:56,0
DA:57,0
DA:62,0
DA:68,0
DA:69,0
DA:70,0
DA:71,0
DA:74,0
DA:76,0
DA:81,0
DA:83,0
DA:84,0
DA:90,0
DA:94,0
DA:95,0
DA:96,0
DA:99,0
DA:100,0
DA:101,0
DA:103,0
DA:104,0
DA:105,0
DA:107,0
DA:108,0
DA:109,0
DA:111,0
DA:112,0
DA:113,0
DA:115,0
DA:116,0
DA:117,0
DA:120,0
DA:121,0
DA:124,0
DA:125,0
DA:131,0
DA:132,0
DA:135,0
DA:137,0
DA:138,0
DA:143,0
LF:59
LH:0
BRDA:45,0,0,0
BRDA:70,1,0,0
BRDA:78,2,0,0
BRDA:78,2,1,0
BRDA:78,3,0,0
BRDA:78,3,1,0
BRDA:103,4,0,0
BRDA:107,5,0,0
BRDA:111,6,0,0
BRDA:115,7,0,0
BRDA:120,8,0,0
BRDA:131,9,0,0
BRF:12
BRH:0
end_of_record
TN:
SF:src/routes/user.routes.ts
FN:14,(anonymous_1)
FN:32,(anonymous_2)
FN:51,(anonymous_3)
FN:68,(anonymous_4)
FN:93,(anonymous_5)
FN:131,(anonymous_6)
FN:162,(anonymous_7)
FN:218,(anonymous_8)
FNF:8
FNH:0
FNDA:0,(anonymous_1)
FNDA:0,(anonymous_2)
FNDA:0,(anonymous_3)
FNDA:0,(anonymous_4)
FNDA:0,(anonymous_5)
FNDA:0,(anonymous_6)
FNDA:0,(anonymous_7)
FNDA:0,(anonymous_8)
DA:1,0
DA:2,0
DA:3,0
DA:4,0
DA:5,0
DA:6,0
DA:8,0
DA:11,0
DA:15,0
DA:16,0
DA:21,0
DA:23,0
DA:24,0
DA:30,0
DA:33,0
DA:34,0
DA:40,0
DA:42,0
DA:43,0
DA:49,0
DA:52,0
DA:53,0
DA:59,0
DA:61,0
DA:62,0
DA:68,0
DA:69,0
DA:70,0
DA:72,0
DA:78,0
DA:79,0
DA:82,0
DA:84,0
DA:85,0
DA:90,0
DA:94,0
DA:95,0
DA:96,0
DA:98,0
DA:99,0
DA:104,0
DA:105,0
DA:110,0
DA:115,0
DA:116,0
DA:119,0
DA:121,0
DA:122,0
DA:128,0
DA:132,0
DA:133,0
DA:134,0
DA:137,0
DA:138,0
DA:141,0
DA:146,0
DA:147,0
DA:150,0
DA:152,0
DA:153,0
DA:159,0
DA:163,0
DA:164,0
DA:165,0
DA:167,0
DA:168,0
DA:172,0
DA:173,0
DA:174,0
DA:181,0
DA:186,0
DA:187,0
DA:190,0
DA:193,0
DA:194,0
DA:195,0
DA:199,0
DA:202,0
DA:207,0
DA:209,0
DA:210,0
DA:216,0
DA:219,0
DA:220,0
DA:221,0
DA:223,0
DA:224,0
DA:228,0
DA:229,0
DA:230,0
DA:234,0
DA:239,0
DA:240,0
DA:244,0
DA:249,0
DA:250,0
DA:253,0
DA:256,0
DA:257,0
DA:258,0
DA:262,0
DA:267,0
DA:269,0
DA:270,0
DA:275,0
LF:105
LH:0
BRDA:78,0,0,0
BRDA:98,1,0,0
BRDA:104,2,0,0
BRDA:115,3,0,0
BRDA:137,4,0,0
BRDA:146,5,0,0
BRDA:167,6,0,0
BRDA:167,7,0,0
BRDA:167,7,1,0
BRDA:173,8,0,0
BRDA:186,9,0,0
BRDA:194,10,0,0
BRDA:223,11,0,0
BRDA:223,12,0,0
BRDA:223,12,1,0
BRDA:229,13,0,0
BRDA:239,14,0,0
BRDA:249,15,0,0
BRDA:257,16,0,0
BRF:19
BRH:0
end_of_record
TN:
SF:src/utils/passwordValidation.ts
FN:20,validatePassword
FN:53,getPasswordErrorMessage
FNF:2
FNH:0
FNDA:0,validatePassword
FNDA:0,getPasswordErrorMessage
DA:20,0
DA:21,0
DA:23,0
DA:24,0
DA:27,0
DA:28,0
DA:31,0
DA:32,0
DA:35,0
DA:36,0
DA:39,0
DA:40,0
DA:43,0
DA:44,0
DA:47,0
DA:53,0
DA:54,0
DA:55,0
DA:57,0
LF:19
LH:0
BRDA:23,0,0,0
BRDA:27,1,0,0
BRDA:31,2,0,0
BRDA:35,3,0,0
BRDA:39,4,0,0
BRDA:43,5,0,0
BRDA:54,6,0,0
BRF:7
BRH:0
end_of_record
